<?xml version="1.0" encoding="UTF-8"?>
<!-- Generated by org.testng.reporters.JUnitReportReporter -->
<testsuite hostname="SGH028RS4K" name="com.rest.restassured.RestAssuredSample" tests="1" failures="0" timestamp="9 Jul 2014 06:05:59 GMT" time="3.449" errors="0">
  <testcase name="facebookTest" time="3.449" classname="com.rest.restassured.RestAssuredSample"/>
</testsuite> <!-- com.rest.restassured.RestAssuredSample -->
